<?xml version="1.0" encoding="UTF-8"?>
<coverage generated="1680032286296" clover="3.2.0">
  <project timestamp="1680032286296" name="All files">
    <metrics statements="23" coveredstatements="23" conditionals="10" coveredconditionals="10" methods="5" coveredmethods="5" elements="38" coveredelements="38" complexity="0" loc="23" ncloc="23" packages="1" files="1" classes="1"/>
    <file name="Roller.ts" path="/sandbox/src/Roller.ts">
      <metrics statements="23" coveredstatements="23" conditionals="10" coveredconditionals="10" methods="5" coveredmethods="5"/>
      <line num="1" count="1" type="stmt"/>
      <line num="5" count="7" type="stmt"/>
      <line num="18" count="7" type="cond" truecount="4" falsecount="0"/>
      <line num="19" count="2" type="stmt"/>
      <line num="21" count="5" type="stmt"/>
      <line num="23" count="7" type="stmt"/>
      <line num="24" count="7" type="stmt"/>
      <line num="25" count="40" type="stmt"/>
      <line num="27" count="7" type="stmt"/>
      <line num="45" count="9" type="cond" truecount="4" falsecount="0"/>
      <line num="46" count="8" type="stmt"/>
      <line num="47" count="8" type="cond" truecount="2" falsecount="0"/>
      <line num="48" count="8" type="stmt"/>
      <line num="49" count="8" type="stmt"/>
      <line num="51" count="8" type="stmt"/>
      <line num="53" count="1" type="stmt"/>
      <line num="64" count="3" type="stmt"/>
      <line num="77" count="2" type="stmt"/>
      <line num="78" count="2" type="stmt"/>
      <line num="79" count="12" type="stmt"/>
      <line num="81" count="2" type="stmt"/>
      <line num="82" count="6" type="stmt"/>
      <line num="84" count="2" type="stmt"/>
    </file>
  </project>
</coverage>
