{"/sandbox/src/Roller.ts": {"path":"/sandbox/src/Roller.ts","statementMap":{"0":{"start":{"line":5,"column":10},"end":{"line":5,"column":32}},"1":{"start":{"line":18,"column":6},"end":{"line":22,"column":null}},"2":{"start":{"line":19,"column":8},"end":{"line":19,"column":24}},"3":{"start":{"line":21,"column":8},"end":{"line":21,"column":28}},"4":{"start":{"line":23,"column":6},"end":{"line":23,"column":53}},"5":{"start":{"line":24,"column":6},"end":{"line":26,"column":null}},"6":{"start":{"line":24,"column":19},"end":{"line":24,"column":20}},"7":{"start":{"line":25,"column":8},"end":{"line":25,"column":37}},"8":{"start":{"line":27,"column":6},"end":{"line":27,"column":21}},"9":{"start":{"line":45,"column":6},"end":{"line":54,"column":null}},"10":{"start":{"line":46,"column":8},"end":{"line":46,"column":27}},"11":{"start":{"line":47,"column":22},"end":{"line":47,"column":56}},"12":{"start":{"line":48,"column":8},"end":{"line":48,"column":49}},"13":{"start":{"line":49,"column":8},"end":{"line":49,"column":32}},"14":{"start":{"line":51,"column":8},"end":{"line":51,"column":21}},"15":{"start":{"line":53,"column":8},"end":{"line":53,"column":17}},"16":{"start":{"line":64,"column":6},"end":{"line":64,"column":24}},"17":{"start":{"line":77,"column":21},"end":{"line":77,"column":46}},"18":{"start":{"line":78,"column":6},"end":{"line":80,"column":null}},"19":{"start":{"line":78,"column":19},"end":{"line":78,"column":20}},"20":{"start":{"line":79,"column":8},"end":{"line":79,"column":25}},"21":{"start":{"line":81,"column":6},"end":{"line":83,"column":9}},"22":{"start":{"line":82,"column":8},"end":{"line":82,"column":48}},"23":{"start":{"line":84,"column":6},"end":{"line":84,"column":20}},"24":{"start":{"line":1,"column":0},"end":{"line":1,"column":13}}},"fnMap":{"0":{"name":"(anonymous_0)","decl":{"start":{"line":17,"column":2},"end":{"line":17,"column":14}},"loc":{"start":{"line":17,"column":39},"end":{"line":28,"column":5}}},"1":{"name":"(anonymous_1)","decl":{"start":{"line":44,"column":2},"end":{"line":44,"column":6}},"loc":{"start":{"line":44,"column":20},"end":{"line":55,"column":5}}},"2":{"name":"(anonymous_2)","decl":{"start":{"line":63,"column":2},"end":{"line":63,"column":6}},"loc":{"start":{"line":63,"column":6},"end":{"line":65,"column":5}}},"3":{"name":"(anonymous_3)","decl":{"start":{"line":76,"column":2},"end":{"line":76,"column":14}},"loc":{"start":{"line":76,"column":14},"end":{"line":85,"column":5}}},"4":{"name":"(anonymous_4)","decl":{"start":{"line":81,"column":26},"end":{"line":81,"column":27}},"loc":{"start":{"line":81,"column":35},"end":{"line":83,"column":7}}}},"branchMap":{"0":{"loc":{"start":{"line":18,"column":6},"end":{"line":22,"column":null}},"type":"if","locations":[{"start":{"line":18,"column":6},"end":{"line":22,"column":null}},{"start":{"line":20,"column":13},"end":{"line":22,"column":null}}]},"1":{"loc":{"start":{"line":18,"column":10},"end":{"line":18,"column":42}},"type":"binary-expr","locations":[{"start":{"line":18,"column":10},"end":{"line":18,"column":29}},{"start":{"line":18,"column":33},"end":{"line":18,"column":42}}]},"2":{"loc":{"start":{"line":45,"column":6},"end":{"line":54,"column":null}},"type":"if","locations":[{"start":{"line":45,"column":6},"end":{"line":54,"column":null}},{"start":{"line":52,"column":13},"end":{"line":54,"column":null}}]},"3":{"loc":{"start":{"line":45,"column":10},"end":{"line":45,"column":44}},"type":"binary-expr","locations":[{"start":{"line":45,"column":10},"end":{"line":45,"column":20}},{"start":{"line":45,"column":24},"end":{"line":45,"column":44}}]},"4":{"loc":{"start":{"line":47,"column":22},"end":{"line":47,"column":56}},"type":"binary-expr","locations":[{"start":{"line":47,"column":22},"end":{"line":47,"column":51}},{"start":{"line":47,"column":55},"end":{"line":47,"column":56}}]}},"s":{"0":7,"1":7,"2":2,"3":5,"4":7,"5":7,"6":7,"7":40,"8":7,"9":9,"10":8,"11":8,"12":8,"13":8,"14":8,"15":1,"16":3,"17":2,"18":2,"19":2,"20":12,"21":2,"22":6,"23":2,"24":1},"f":{"0":7,"1":9,"2":3,"3":2,"4":6},"b":{"0":[2,5],"1":[7,6],"2":[8,1],"3":[9,9],"4":[8,5]}}
}
