TN:
SF:src/Roller.ts
FN:17,(anonymous_0)
FN:44,(anonymous_1)
FN:63,(anonymous_2)
FN:76,(anonymous_3)
FN:81,(anonymous_4)
FNF:5
FNH:5
FNDA:7,(anonymous_0)
FNDA:9,(anonymous_1)
FNDA:3,(anonymous_2)
FNDA:2,(anonymous_3)
FNDA:6,(anonymous_4)
DA:1,1
DA:5,7
DA:18,7
DA:19,2
DA:21,5
DA:23,7
DA:24,7
DA:25,40
DA:27,7
DA:45,9
DA:46,8
DA:47,8
DA:48,8
DA:49,8
DA:51,8
DA:53,1
DA:64,3
DA:77,2
DA:78,2
DA:79,12
DA:81,2
DA:82,6
DA:84,2
LF:23
LH:23
BRDA:18,0,0,2
BRDA:18,0,1,5
BRDA:18,1,0,7
BRDA:18,1,1,6
BRDA:45,2,0,8
BRDA:45,2,1,1
BRDA:45,3,0,9
BRDA:45,3,1,9
BRDA:47,4,0,8
BRDA:47,4,1,5
BRF:10
BRH:10
end_of_record
